-1.7
-encoding
UTF-8
-outxml
-source
1.7
-target
1.7
-classpath
F:\Repository\Repository\mysql\mysql-connector-java\5.1.40\mysql-connector-java-5.1.40.jar;F:\Repository\Repository\c3p0\c3p0\0.9.1.2\c3p0-0.9.1.2.jar;F:\Repository\Repository\com\github\pagehelper\pagehelper\4.2.1\pagehelper-4.2.1.jar;F:\Repository\Repository\org\mybatis\mybatis\3.3.0\mybatis-3.3.0.jar;F:\Repository\Repository\org\mybatis\mybatis-spring\1.1.1\mybatis-spring-1.1.1.jar;F:\Repository\Repository\junit\junit\4.11\junit-4.11.jar;F:\Repository\Repository\log4j\log4j\1.2.17\log4j-1.2.17.jar;F:\Repository\Repository\org\slf4j\slf4j-api\1.7.5\slf4j-api-1.7.5.jar;F:\Repository\Repository\org\slf4j\jcl-over-slf4j\1.7.5\jcl-over-slf4j-1.7.5.jar;F:\Repository\Repository\org\slf4j\slf4j-log4j12\1.7.5\slf4j-log4j12-1.7.5.jar;F:\Repository\Repository\org\aspectj\aspectjrt\1.8.1\aspectjrt-1.8.1.jar;F:\Repository\Repository\org\aspectj\aspectjweaver\1.8.1\aspectjweaver-1.8.1.jar;F:\Repository\Repository\javax\servlet\javax.servlet-api\3.1.0\javax.servlet-api-3.1.0.jar;F:\Repository\Repository\net\sf\flexjson\flexjson\2.1\flexjson-2.1.jar;F:\Repository\Repository\org\apache\commons\commons-lang3\3.1\commons-lang3-3.1.jar;F:\Repository\Repository\javax\validation\validation-api\1.1.0.Final\validation-api-1.1.0.Final.jar;F:\Repository\Repository\commons-io\commons-io\2.4\commons-io-2.4.jar;F:\Repository\Repository\org\springframework\roo\org.springframework.roo.annotations\1.3.1.RELEASE\org.springframework.roo.annotations-1.3.1.RELEASE.jar;F:\Repository\Repository\org\springframework\spring-core\4.1.6.RELEASE\spring-core-4.1.6.RELEASE.jar;F:\Repository\Repository\org\springframework\spring-test\4.1.6.RELEASE\spring-test-4.1.6.RELEASE.jar;F:\Repository\Repository\org\springframework\spring-context\4.1.6.RELEASE\spring-context-4.1.6.RELEASE.jar;F:\Repository\Repository\org\springframework\spring-context-support\4.1.6.RELEASE\spring-context-support-4.1.6.RELEASE.jar;F:\Repository\Repository\org\springframework\spring-aop\4.1.6.RELEASE\spring-aop-4.1.6.RELEASE.jar;F:\Repository\Repository\org\springframework\spring-aspects\4.1.6.RELEASE\spring-aspects-4.1.6.RELEASE.jar;F:\Repository\Repository\org\springframework\spring-webmvc\4.1.6.RELEASE\spring-webmvc-4.1.6.RELEASE.jar;F:\Repository\Repository\org\springframework\webflow\spring-js-resources\2.2.1.RELEASE\spring-js-resources-2.2.1.RELEASE.jar;F:\Repository\Repository\org\springframework\security\spring-security-core\3.2.5.RELEASE\spring-security-core-3.2.5.RELEASE.jar;F:\Repository\Repository\org\springframework\security\spring-security-config\3.2.5.RELEASE\spring-security-config-3.2.5.RELEASE.jar;F:\Repository\Repository\org\springframework\security\spring-security-web\3.2.5.RELEASE\spring-security-web-3.2.5.RELEASE.jar;F:\Repository\Repository\org\springframework\security\spring-security-taglibs\3.2.5.RELEASE\spring-security-taglibs-3.2.5.RELEASE.jar;F:\Repository\Repository\org\springframework\security\spring-security-acl\2.0.1\spring-security-acl-2.0.1.jar;F:\Repository\Repository\org\springframework\spring-tx\4.1.6.RELEASE\spring-tx-4.1.6.RELEASE.jar;F:\Repository\Repository\commons-digester\commons-digester\2.1\commons-digester-2.1.jar;F:\Repository\Repository\commons-fileupload\commons-fileupload\1.2.2\commons-fileupload-1.2.2.jar;F:\Repository\Repository\javax\servlet\jsp\jstl\jstl-api\1.2\jstl-api-1.2.jar;F:\Repository\Repository\org\glassfish\web\jstl-impl\1.2\jstl-impl-1.2.jar;F:\Repository\Repository\javax\el\el-api\2.2\el-api-2.2.jar;F:\Repository\Repository\joda-time\joda-time\1.6\joda-time-1.6.jar;F:\Repository\Repository\javax\servlet\jsp\jsp-api\2.1\jsp-api-2.1.jar;F:\Repository\Repository\commons-codec\commons-codec\1.10\commons-codec-1.10.jar;F:\Repository\Repository\org\apache\tiles\tiles-jsp\2.2.2\tiles-jsp-2.2.2.jar;F:\Repository\Repository\org\gvnix\org.gvnix.addon.web.mvc.annotations\1.4.1.RELEASE\org.gvnix.addon.web.mvc.annotations-1.4.1.RELEASE.jar;F:\Repository\Repository\com\fasterxml\jackson\core\jackson-core\2.5.0\jackson-core-2.5.0.jar;F:\Repository\Repository\com\fasterxml\jackson\core\jackson-databind\2.5.0\jackson-databind-2.5.0.jar;F:\Repository\Repository\com\fasterxml\jackson\core\jackson-annotations\2.5.0\jackson-annotations-2.5.0.jar;F:\Repository\Repository\commons-beanutils\commons-beanutils\1.8.3\commons-beanutils-1.8.3.jar;F:\Repository\Repository\commons-lang\commons-lang\2.6\commons-lang-2.6.jar;F:\Repository\Repository\net\sf\json-lib\json-lib\2.4\json-lib-2.4-jdk15.jar;F:\Repository\Repository\org\apache\httpcomponents\httpclient\4.5\httpclient-4.5.jar;F:\Repository\Repository\dom4j\dom4j\1.6.1\dom4j-1.6.1.jar;F:\Repository\Repository\org\apache\poi\poi\3.9\poi-3.9.jar;F:\Repository\Repository\org\apache\poi\poi-ooxml\3.9\poi-ooxml-3.9.jar;F:\Repository\Repository\org\apache\cxf\cxf-rt-frontend-jaxws\2.2.3\cxf-rt-frontend-jaxws-2.2.3.jar;F:\Repository\Repository\org\apache\cxf\cxf-rt-transports-http\2.2.3\cxf-rt-transports-http-2.2.3.jar;F:\Repository\Repository\org\apache\cxf\cxf-rt-transports-http-jetty\2.2.3\cxf-rt-transports-http-jetty-2.2.3.jar;F:\Repository\Repository\com\github\jsqlparser\jsqlparser\0.9.5\jsqlparser-0.9.5.jar;F:\Repository\Repository\org\springframework\spring-jdbc\3.1.1.RELEASE\spring-jdbc-3.1.1.RELEASE.jar;F:\Repository\Repository\org\springframework\spring-beans\4.1.6.RELEASE\spring-beans-4.1.6.RELEASE.jar;F:\Repository\Repository\org\springframework\spring-expression\4.1.6.RELEASE\spring-expression-4.1.6.RELEASE.jar;F:\Repository\Repository\aopalliance\aopalliance\1.0\aopalliance-1.0.jar;F:\Repository\Repository\org\springframework\spring-web\4.1.6.RELEASE\spring-web-4.1.6.RELEASE.jar;F:\Repository\Repository\javax\servlet\servlet-api\2.5\servlet-api-2.5.jar;F:\Repository\Repository\org\apache\tiles\tiles-servlet\2.2.2\tiles-servlet-2.2.2.jar;F:\Repository\Repository\org\apache\tiles\tiles-core\2.2.2\tiles-core-2.2.2.jar;F:\Repository\Repository\org\apache\tiles\tiles-template\2.2.2\tiles-template-2.2.2.jar;F:\Repository\Repository\org\apache\tiles\tiles-api\2.2.2\tiles-api-2.2.2.jar;F:\Repository\Repository\org\osgi\org.osgi.core\5.0.0\org.osgi.core-5.0.0.jar;F:\Repository\Repository\org\osgi\org.osgi.compendium\5.0.0\org.osgi.compendium-5.0.0.jar;F:\Repository\Repository\org\apache\felix\org.apache.felix.scr.annotations\1.9.8\org.apache.felix.scr.annotations-1.9.8.jar;F:\Repository\Repository\org\springframework\roo\org.springframework.roo.addon.web.mvc.jsp\1.3.1.RELEASE\org.springframework.roo.addon.web.mvc.jsp-1.3.1.RELEASE.jar;F:\Repository\Repository\org\springframework\roo\org.springframework.roo.addon.configurable\1.3.1.RELEASE\org.springframework.roo.addon.configurable-1.3.1.RELEASE.jar;F:\Repository\Repository\org\springframework\roo\org.springframework.roo.addon.web.mvc.controller\1.3.1.RELEASE\org.springframework.roo.addon.web.mvc.controller-1.3.1.RELEASE.jar;F:\Repository\Repository\org\springframework\roo\org.springframework.roo.addon.finder\1.3.1.RELEASE\org.springframework.roo.addon.finder-1.3.1.RELEASE.jar;F:\Repository\Repository\org\springframework\roo\org.springframework.roo.addon.plural\1.3.1.RELEASE\org.springframework.roo.addon.plural-1.3.1.RELEASE.jar;F:\Repository\Repository\org\springframework\roo\org.springframework.roo.addon.json\1.3.1.RELEASE\org.springframework.roo.addon.json-1.3.1.RELEASE.jar;F:\Repository\Repository\org\springframework\roo\org.springframework.roo.bootstrap\1.3.1.RELEASE\org.springframework.roo.bootstrap-1.3.1.RELEASE.jar;F:\Repository\Repository\org\apache\felix\org.apache.felix.scr\1.8.2\org.apache.felix.scr-1.8.2.jar;F:\Repository\Repository\org\codehaus\mojo\animal-sniffer-annotations\1.9\animal-sniffer-annotations-1.9.jar;F:\Repository\Repository\org\apache\felix\org.apache.felix.ipojo\1.12.0\org.apache.felix.ipojo-1.12.0.jar;F:\Repository\Repository\org\apache\felix\org.apache.felix.ipojo.annotations\1.12.0\org.apache.felix.ipojo.annotations-1.12.0.jar;F:\Repository\Repository\org\springframework\roo\org.springframework.roo.addon.propfiles\1.3.1.RELEASE\org.springframework.roo.addon.propfiles-1.3.1.RELEASE.jar;F:\Repository\Repository\org\springframework\roo\org.springframework.roo.classpath\1.3.1.RELEASE\org.springframework.roo.classpath-1.3.1.RELEASE.jar;F:\Repository\Repository\org\springframework\roo\wrapping\org.springframework.roo.wrapping.inflector\0.7.0.0010\org.springframework.roo.wrapping.inflector-0.7.0.0010.jar;F:\Repository\Repository\org\springframework\roo\org.springframework.roo.file.monitor\1.3.1.RELEASE\org.springframework.roo.file.monitor-1.3.1.RELEASE.jar;F:\Repository\Repository\org\springframework\roo\org.springframework.roo.file.undo\1.3.1.RELEASE\org.springframework.roo.file.undo-1.3.1.RELEASE.jar;F:\Repository\Repository\org\springframework\roo\org.springframework.roo.metadata\1.3.1.RELEASE\org.springframework.roo.metadata-1.3.1.RELEASE.jar;F:\Repository\Repository\org\springframework\roo\org.springframework.roo.model\1.3.1.RELEASE\org.springframework.roo.model-1.3.1.RELEASE.jar;F:\Repository\Repository\org\springframework\roo\org.springframework.roo.process.manager\1.3.1.RELEASE\org.springframework.roo.process.manager-1.3.1.RELEASE.jar;F:\Repository\Repository\org\springframework\roo\org.springframework.roo.shell.osgi\1.3.1.RELEASE\org.springframework.roo.shell.osgi-1.3.1.RELEASE.jar;F:\Repository\Repository\org\springframework\roo\org.springframework.roo.project\1.3.1.RELEASE\org.springframework.roo.project-1.3.1.RELEASE.jar;F:\Repository\Repository\org\apache\felix\org.apache.felix.framework\4.4.1\org.apache.felix.framework-4.4.1.jar;F:\Repository\Repository\org\springframework\uaa\org.springframework.uaa.client\1.0.2.RELEASE\org.springframework.uaa.client-1.0.2.RELEASE.jar;F:\Repository\Repository\org\springframework\roo\wrapping\org.springframework.roo.wrapping.protobuf-java-lite\2.3.0.0001\org.springframework.roo.wrapping.protobuf-java-lite-2.3.0.0001.jar;F:\Repository\Repository\org\springframework\roo\wrapping\org.springframework.roo.wrapping.json-simple\1.1.0.0001\org.springframework.roo.wrapping.json-simple-1.1.0.0001.jar;F:\Repository\Repository\org\springframework\roo\wrapping\org.springframework.roo.wrapping.bcpg-jdk15\1.45.0.0001\org.springframework.roo.wrapping.bcpg-jdk15-1.45.0.0001.jar;F:\Repository\Repository\org\springframework\roo\wrapping\org.springframework.roo.wrapping.bcprov-jdk15\1.45.0.0001\org.springframework.roo.wrapping.bcprov-jdk15-1.45.0.0001.jar;F:\Repository\Repository\org\springframework\roo\org.springframework.roo.shell\1.3.1.RELEASE\org.springframework.roo.shell-1.3.1.RELEASE.jar;F:\Repository\Repository\org\springframework\roo\org.springframework.roo.support\1.3.1.RELEASE\org.springframework.roo.support-1.3.1.RELEASE.jar;F:\Repository\Repository\org\springframework\roo\org.springframework.roo.support.osgi\1.3.1.RELEASE\org.springframework.roo.support.osgi-1.3.1.RELEASE.jar;F:\Repository\Repository\org\springframework\roo\org.springframework.roo.uaa\1.3.1.RELEASE\org.springframework.roo.uaa-1.3.1.RELEASE.jar;F:\Repository\Repository\org\springframework\roo\org.springframework.roo.addon.backup\1.3.1.RELEASE\org.springframework.roo.addon.backup-1.3.1.RELEASE.jar;F:\Repository\Repository\org\gvnix\org.gvnix.support\1.4.1.RELEASE\org.gvnix.support-1.4.1.RELEASE.jar;F:\Repository\Repository\org\gvnix\org.gvnix.addon.jpa.addon\1.4.1.RELEASE\org.gvnix.addon.jpa.addon-1.4.1.RELEASE.jar;F:\Repository\Repository\org\gvnix\org.gvnix.addon.jpa.annotations\1.4.1.RELEASE\org.gvnix.addon.jpa.annotations-1.4.1.RELEASE.jar;F:\Repository\Repository\org\springframework\roo\org.springframework.roo.addon.jpa\1.3.1.RELEASE\org.springframework.roo.addon.jpa-1.3.1.RELEASE.jar;F:\Repository\Repository\org\springframework\roo\org.springframework.roo.addon.test\1.3.1.RELEASE\org.springframework.roo.addon.test-1.3.1.RELEASE.jar;F:\Repository\Repository\org\springframework\roo\org.springframework.roo.addon.dod\1.3.1.RELEASE\org.springframework.roo.addon.dod-1.3.1.RELEASE.jar;F:\Repository\Repository\org\springframework\roo\org.springframework.roo.addon.serializable\1.3.1.RELEASE\org.springframework.roo.addon.serializable-1.3.1.RELEASE.jar;F:\Repository\Repository\commons-logging\commons-logging\1.1.1\commons-logging-1.1.1.jar;F:\Repository\Repository\commons-collections\commons-collections\3.2.1\commons-collections-3.2.1.jar;F:\Repository\Repository\net\sf\ezmorph\ezmorph\1.0.6\ezmorph-1.0.6.jar;F:\Repository\Repository\org\apache\httpcomponents\httpcore\4.4.1\httpcore-4.4.1.jar;F:\Repository\Repository\xml-apis\xml-apis\1.0.b2\xml-apis-1.0.b2.jar;F:\Repository\Repository\org\apache\poi\poi-ooxml-schemas\3.9\poi-ooxml-schemas-3.9.jar;F:\Repository\Repository\org\apache\xmlbeans\xmlbeans\2.3.0\xmlbeans-2.3.0.jar;F:\Repository\Repository\stax\stax-api\1.0.1\stax-api-1.0.1.jar;F:\Repository\Repository\xml-resolver\xml-resolver\1.2\xml-resolver-1.2.jar;F:\Repository\Repository\org\apache\geronimo\specs\geronimo-jaxws_2.1_spec\1.0\geronimo-jaxws_2.1_spec-1.0.jar;F:\Repository\Repository\org\apache\geronimo\specs\geronimo-activation_1.1_spec\1.0.2\geronimo-activation_1.1_spec-1.0.2.jar;F:\Repository\Repository\org\apache\geronimo\specs\geronimo-ws-metadata_2.0_spec\1.1.2\geronimo-ws-metadata_2.0_spec-1.1.2.jar;F:\Repository\Repository\asm\asm\2.2.3\asm-2.2.3.jar;F:\Repository\Repository\org\apache\cxf\cxf-api\2.2.3\cxf-api-2.2.3.jar;F:\Repository\Repository\org\apache\cxf\cxf-common-utilities\2.2.3\cxf-common-utilities-2.2.3.jar;F:\Repository\Repository\org\apache\geronimo\specs\geronimo-stax-api_1.0_spec\1.0.1\geronimo-stax-api_1.0_spec-1.0.1.jar;F:\Repository\Repository\wsdl4j\wsdl4j\1.6.2\wsdl4j-1.6.2.jar;F:\Repository\Repository\org\apache\ws\commons\schema\XmlSchema\1.4.5\XmlSchema-1.4.5.jar;F:\Repository\Repository\org\apache\geronimo\specs\geronimo-annotation_1.0_spec\1.1.1\geronimo-annotation_1.0_spec-1.1.1.jar;F:\Repository\Repository\org\codehaus\woodstox\wstx-asl\3.2.8\wstx-asl-3.2.8.jar;F:\Repository\Repository\org\apache\neethi\neethi\2.0.4\neethi-2.0.4.jar;F:\Repository\Repository\org\apache\cxf\cxf-common-schemas\2.2.3\cxf-common-schemas-2.2.3.jar;F:\Repository\Repository\org\apache\cxf\cxf-rt-core\2.2.3\cxf-rt-core-2.2.3.jar;F:\Repository\Repository\com\sun\xml\bind\jaxb-impl\2.1.12\jaxb-impl-2.1.12.jar;F:\Repository\Repository\org\apache\geronimo\specs\geronimo-javamail_1.4_spec\1.6\geronimo-javamail_1.4_spec-1.6.jar;F:\Repository\Repository\com\sun\xml\fastinfoset\FastInfoset\1.2.7\FastInfoset-1.2.7.jar;F:\Repository\Repository\org\apache\cxf\cxf-rt-bindings-soap\2.2.3\cxf-rt-bindings-soap-2.2.3.jar;F:\Repository\Repository\org\apache\cxf\cxf-tools-common\2.2.3\cxf-tools-common-2.2.3.jar;F:\Repository\Repository\org\apache\cxf\cxf-rt-databinding-jaxb\2.2.3\cxf-rt-databinding-jaxb-2.2.3.jar;F:\Repository\Repository\javax\xml\bind\jaxb-api\2.1\jaxb-api-2.1.jar;F:\Repository\Repository\org\apache\cxf\cxf-rt-bindings-xml\2.2.3\cxf-rt-bindings-xml-2.2.3.jar;F:\Repository\Repository\org\apache\cxf\cxf-rt-frontend-simple\2.2.3\cxf-rt-frontend-simple-2.2.3.jar;F:\Repository\Repository\org\apache\cxf\cxf-rt-ws-addr\2.2.3\cxf-rt-ws-addr-2.2.3.jar;F:\Repository\Repository\javax\xml\soap\saaj-api\1.3\saaj-api-1.3.jar;F:\Repository\Repository\com\sun\xml\messaging\saaj\saaj-impl\1.3.2\saaj-impl-1.3.2.jar;F:\Repository\Repository\org\mortbay\jetty\jetty\6.1.19\jetty-6.1.19.jar;F:\Repository\Repository\org\mortbay\jetty\jetty-util\6.1.19\jetty-util-6.1.19.jar;F:\Repository\Repository\org\apache\geronimo\specs\geronimo-servlet_2.5_spec\1.2\geronimo-servlet_2.5_spec-1.2.jar;F:\springPcWorkSpace\warehouse\target\classes
-aspectpath
F:\Repository\Repository\org\springframework\spring-aspects\4.1.6.RELEASE\spring-aspects-4.1.6.RELEASE.jar
-d
F:\springPcWorkSpace\warehouse\target\classes
F:\springPcWorkSpace\warehouse\src\main\java\com\dkd\business\bo\Crkjlb.java
F:\springPcWorkSpace\warehouse\src\main\java\com\dkd\business\bo\EwmForm.java
F:\springPcWorkSpace\warehouse\src\main\java\com\dkd\business\bo\Hjxxld.java
F:\springPcWorkSpace\warehouse\src\main\java\com\dkd\business\bo\OutWarehouseForm.java
F:\springPcWorkSpace\warehouse\src\main\java\com\dkd\business\bo\Sbb.java
F:\springPcWorkSpace\warehouse\src\main\java\com\dkd\business\controller\CrkjlbContoller.java
F:\springPcWorkSpace\warehouse\src\main\java\com\dkd\business\controller\DepartmentContoller.java
F:\springPcWorkSpace\warehouse\src\main\java\com\dkd\business\controller\EwmController.java
F:\springPcWorkSpace\warehouse\src\main\java\com\dkd\business\controller\HjxxldContoller.java
F:\springPcWorkSpace\warehouse\src\main\java\com\dkd\business\controller\OutWarehouseController.java
F:\springPcWorkSpace\warehouse\src\main\java\com\dkd\business\controller\SbbContoller.java
F:\springPcWorkSpace\warehouse\src\main\java\com\dkd\business\controller\SbxxExport.java
F:\springPcWorkSpace\warehouse\src\main\java\com\dkd\business\controller\StorageContoller.java
F:\springPcWorkSpace\warehouse\src\main\java\com\dkd\business\controller\ZcbfController.java
F:\springPcWorkSpace\warehouse\src\main\java\com\dkd\business\dao\CrkjlbDao.java
F:\springPcWorkSpace\warehouse\src\main\java\com\dkd\business\dao\HjxxldDao.java
F:\springPcWorkSpace\warehouse\src\main\java\com\dkd\business\dao\SbbDao.java
F:\springPcWorkSpace\warehouse\src\main\java\com\dkd\business\dao\StorageDao.java
F:\springPcWorkSpace\warehouse\src\main\java\com\dkd\business\service\CrkjlbService.java
F:\springPcWorkSpace\warehouse\src\main\java\com\dkd\business\service\HjxxldService.java
F:\springPcWorkSpace\warehouse\src\main\java\com\dkd\business\service\impl\CrkjldServiceImpl.java
F:\springPcWorkSpace\warehouse\src\main\java\com\dkd\business\service\impl\HjxxldServiceImpl.java
F:\springPcWorkSpace\warehouse\src\main\java\com\dkd\business\service\impl\OutWarehouseServiceImpl.java
F:\springPcWorkSpace\warehouse\src\main\java\com\dkd\business\service\impl\SbbServiceImpl.java
F:\springPcWorkSpace\warehouse\src\main\java\com\dkd\business\service\impl\StorageServiceImpl.java
F:\springPcWorkSpace\warehouse\src\main\java\com\dkd\business\service\impl\ZcbfServiceImpl.java
F:\springPcWorkSpace\warehouse\src\main\java\com\dkd\business\service\OutWarehouseService.java
F:\springPcWorkSpace\warehouse\src\main\java\com\dkd\business\service\SbbService.java
F:\springPcWorkSpace\warehouse\src\main\java\com\dkd\business\service\StorageService.java
F:\springPcWorkSpace\warehouse\src\main\java\com\dkd\business\service\ZcbfService.java
F:\springPcWorkSpace\warehouse\src\main\java\com\dkd\oura\BaseController.java
F:\springPcWorkSpace\warehouse\src\main\java\com\dkd\oura\JspController.java
F:\springPcWorkSpace\warehouse\src\main\java\com\dkd\oura\LoginController.java
F:\springPcWorkSpace\warehouse\src\main\java\com\dkd\oura\MenuBean.java
F:\springPcWorkSpace\warehouse\src\main\java\com\dkd\oura\MyDaoAuthenticationProvider.java
F:\springPcWorkSpace\warehouse\src\main\java\com\dkd\oura\PAccessDecisionManager.java
F:\springPcWorkSpace\warehouse\src\main\java\com\dkd\oura\PSavedRequestAwareAuthenticationSuccessHandler.java
F:\springPcWorkSpace\warehouse\src\main\java\com\dkd\oura\PSecurityFilter.java
F:\springPcWorkSpace\warehouse\src\main\java\com\dkd\oura\PSecurityMetadataSource.java
F:\springPcWorkSpace\warehouse\src\main\java\com\dkd\oura\PUserDetailServiceImpl.java
F:\springPcWorkSpace\warehouse\src\main\java\com\dkd\oura\PUsernamePasswordAuthenticationFilter.java
F:\springPcWorkSpace\warehouse\src\main\java\com\dkd\oura\SysMenu.java
F:\springPcWorkSpace\warehouse\src\main\java\com\dkd\oura\URLBean.java
F:\springPcWorkSpace\warehouse\src\main\java\com\dkd\system\bo\Department.java
F:\springPcWorkSpace\warehouse\src\main\java\com\dkd\system\bo\Dictionary.java
F:\springPcWorkSpace\warehouse\src\main\java\com\dkd\system\bo\Resource.java
F:\springPcWorkSpace\warehouse\src\main\java\com\dkd\system\bo\Role.java
F:\springPcWorkSpace\warehouse\src\main\java\com\dkd\system\bo\RoleResource.java
F:\springPcWorkSpace\warehouse\src\main\java\com\dkd\system\bo\User.java
F:\springPcWorkSpace\warehouse\src\main\java\com\dkd\system\bo\UserInfo.java
F:\springPcWorkSpace\warehouse\src\main\java\com\dkd\system\bo\UserRole.java
F:\springPcWorkSpace\warehouse\src\main\java\com\dkd\system\controller\DepartmentContoller.java
F:\springPcWorkSpace\warehouse\src\main\java\com\dkd\system\controller\DictionaryCacheServiceImpl.java
F:\springPcWorkSpace\warehouse\src\main\java\com\dkd\system\controller\DictionaryContoller.java
F:\springPcWorkSpace\warehouse\src\main\java\com\dkd\system\controller\ResourceContoller.java
F:\springPcWorkSpace\warehouse\src\main\java\com\dkd\system\controller\RoleContoller.java
F:\springPcWorkSpace\warehouse\src\main\java\com\dkd\system\controller\UserController.java
F:\springPcWorkSpace\warehouse\src\main\java\com\dkd\system\controller\UserInfoContoller.java
F:\springPcWorkSpace\warehouse\src\main\java\com\dkd\system\dao\BaseDao.java
F:\springPcWorkSpace\warehouse\src\main\java\com\dkd\system\dao\DepartmentDao.java
F:\springPcWorkSpace\warehouse\src\main\java\com\dkd\system\dao\DictionaryDao.java
F:\springPcWorkSpace\warehouse\src\main\java\com\dkd\system\dao\ResourceDao.java
F:\springPcWorkSpace\warehouse\src\main\java\com\dkd\system\dao\RoleDao.java
F:\springPcWorkSpace\warehouse\src\main\java\com\dkd\system\dao\RoleResourceDao.java
F:\springPcWorkSpace\warehouse\src\main\java\com\dkd\system\dao\SeqNumDao.java
F:\springPcWorkSpace\warehouse\src\main\java\com\dkd\system\dao\UserDao.java
F:\springPcWorkSpace\warehouse\src\main\java\com\dkd\system\dao\UserInfoDao.java
F:\springPcWorkSpace\warehouse\src\main\java\com\dkd\system\dao\UserRoleDao.java
F:\springPcWorkSpace\warehouse\src\main\java\com\dkd\system\form\DepartmentForm.java
F:\springPcWorkSpace\warehouse\src\main\java\com\dkd\system\form\DictionaryForm.java
F:\springPcWorkSpace\warehouse\src\main\java\com\dkd\system\form\FlowForm.java
F:\springPcWorkSpace\warehouse\src\main\java\com\dkd\system\form\LogForm.java
F:\springPcWorkSpace\warehouse\src\main\java\com\dkd\system\form\ResourceForm.java
F:\springPcWorkSpace\warehouse\src\main\java\com\dkd\system\form\RoleForm.java
F:\springPcWorkSpace\warehouse\src\main\java\com\dkd\system\form\RoleResourceForm.java
F:\springPcWorkSpace\warehouse\src\main\java\com\dkd\system\form\UserInfoForm.java
F:\springPcWorkSpace\warehouse\src\main\java\com\dkd\system\service\DictionaryCacheService.java
F:\springPcWorkSpace\warehouse\src\main\java\com\dkd\system\service\IBaseService.java
F:\springPcWorkSpace\warehouse\src\main\java\com\dkd\system\service\IDepartmentService.java
F:\springPcWorkSpace\warehouse\src\main\java\com\dkd\system\service\IDictionaryService.java
F:\springPcWorkSpace\warehouse\src\main\java\com\dkd\system\service\impl\BaseServiceImpl.java
F:\springPcWorkSpace\warehouse\src\main\java\com\dkd\system\service\impl\DepartmentServiceImpl.java
F:\springPcWorkSpace\warehouse\src\main\java\com\dkd\system\service\impl\DictionaryServiceImpl.java
F:\springPcWorkSpace\warehouse\src\main\java\com\dkd\system\service\impl\ResourceServiceImpl.java
F:\springPcWorkSpace\warehouse\src\main\java\com\dkd\system\service\impl\RoleResourceServiceImpl.java
F:\springPcWorkSpace\warehouse\src\main\java\com\dkd\system\service\impl\RoleServiceImpl.java
F:\springPcWorkSpace\warehouse\src\main\java\com\dkd\system\service\impl\UserInfoServiceImpl.java
F:\springPcWorkSpace\warehouse\src\main\java\com\dkd\system\service\impl\UserRoleServiceImpl.java
F:\springPcWorkSpace\warehouse\src\main\java\com\dkd\system\service\impl\UserServiceImpl.java
F:\springPcWorkSpace\warehouse\src\main\java\com\dkd\system\service\IResourceService.java
F:\springPcWorkSpace\warehouse\src\main\java\com\dkd\system\service\IRoleResourceService.java
F:\springPcWorkSpace\warehouse\src\main\java\com\dkd\system\service\IRoleService.java
F:\springPcWorkSpace\warehouse\src\main\java\com\dkd\system\service\IUserInfoService.java
F:\springPcWorkSpace\warehouse\src\main\java\com\dkd\system\service\IUserRoleService.java
F:\springPcWorkSpace\warehouse\src\main\java\com\dkd\system\service\IUserService.java
F:\springPcWorkSpace\warehouse\src\main\java\com\dkd\system\util\annotation\GetAttributeName.java
F:\springPcWorkSpace\warehouse\src\main\java\com\dkd\system\util\downloadFile.java
F:\springPcWorkSpace\warehouse\src\main\java\com\dkd\utils\annotation\AttributeName.java
F:\springPcWorkSpace\warehouse\src\main\java\com\dkd\utils\bean\BeanUtils.java
F:\springPcWorkSpace\warehouse\src\main\java\com\dkd\utils\json\JsonResult.java
F:\springPcWorkSpace\warehouse\src\main\java\com\dkd\utils\menu\MenuBean.java
F:\springPcWorkSpace\warehouse\src\main\java\com\dkd\utils\menu\SysMenu.java
F:\springPcWorkSpace\warehouse\src\main\java\com\dkd\utils\message\Message.java
F:\springPcWorkSpace\warehouse\src\main\java\com\dkd\utils\page\CurrencyPage.java
F:\springPcWorkSpace\warehouse\src\main\java\com\dkd\utils\page\Page.java
F:\springPcWorkSpace\warehouse\src\main\java\com\dkd\utils\page\PageUtil.java
F:\springPcWorkSpace\warehouse\src\main\java\com\dkd\utils\spring\SpringUtil.java
F:\springPcWorkSpace\warehouse\src\main\java\com\dkd\utils\tree\Tree.java
F:\springPcWorkSpace\warehouse\src\main\java\com\dkd\utils\uuid\Common.java
F:\springPcWorkSpace\warehouse\src\main\java\com\dkd\utils\uuid\UUIDGenerator.java
